<?xml version="1.0" encoding="UTF-8"?>
<!-- Generated by org.testng.reporters.JUnitXMLReporter -->
<testsuite hostname="DESKTOP-UTJTOH1" name="Default test" tests="11" failures="0" timestamp="24 Sep 2017 14:18:35 GMT" time="115.257" errors="0">
  <testcase name="Aboutlink" time="5.82" classname="com.pack.home.TestExecution.TestRun"/>
  <testcase name="Planslink" time="5.52" classname="com.pack.home.TestExecution.TestRun"/>
  <testcase name="Paybilllink" time="5.439" classname="com.pack.home.TestExecution.TestRun"/>
  <testcase name="CUlink" time="7.207" classname="com.pack.home.TestExecution.TestRun"/>
  <testcase name="sendlink" time="16.964" classname="com.pack.home.TestExecution.TestRun"/>
  <testcase name="NClink" time="5.574" classname="com.pack.home.TestExecution.TestRun"/>
  <testcase name="Nconlink" time="13.991" classname="com.pack.home.TestExecution.TestRun"/>
  <testcase name="clickPrivacy" time="5.914" classname="com.pack.home.TestExecution.TestRun"/>
  <testcase name="clickTerms" time="9.899" classname="com.pack.home.TestExecution.TestRun"/>
  <testcase name="clickRefund" time="5.4" classname="com.pack.home.TestExecution.TestRun"/>
  <testcase name="clickfaq" time="5.33" classname="com.pack.home.TestExecution.TestRun"/>
</testsuite> <!-- Default test -->
